<?xml version="1.0" encoding="UTF-8"?>
<!-- Generated by org.testng.reporters.JUnitReportReporter -->
<testsuite hostname="ITSDESKTOP-0575" name="org.itsector.seamproject.session.CadastroTrechoTest" tests="1" failures="1" timestamp="30 Oct 2014 14:17:51 GMT" time="0.000" errors="0">
  <testcase name="testTrechoPodeSerCadastrado" time="0.000" classname="org.itsector.seamproject.session.CadastroTrechoTest">
    <failure type="org.jboss.deployers.client.spi.IncompleteDeploymentException" message="Summary of incomplete deployments (SEE PREVIOUS ERRORS FOR DETAILS):

*** CONTEXTS MISSING DEPENDENCIES: Name -&gt; Dependency{Required State:Actual State}

UserTransactionBinding
 -&gt; UserTransaction{Configured:**ERROR**}

UserTransactionBinding2
 -&gt; UserTransaction{Configured:**ERROR**}


*** CONTEXTS IN ERROR: Name -&gt; Error

SARDeployer -&gt; java.lang.ClassNotFoundException: [Ljava.lang.Class;

ServiceDeploymentDeployer -&gt; java.lang.ClassNotFoundException: [Ljava.lang.Class;

ServiceClassLoaderDeployer -&gt; java.lang.ClassNotFoundException: [Ljava.lang.Class;

BeanDeployer -&gt; java.lang.ClassNotFoundException: [Ljava.lang.Class;

ServiceDeployer -&gt; java.lang.ClassNotFoundException: [Ljava.lang.Class;

BeanMetaDataDeployer -&gt; java.lang.ClassNotFoundException: [Ljava.lang.Class;

UserTransaction -&gt; java.lang.RuntimeException: Unable to locate the transaction manager

KernelDeploymentDeployer -&gt; java.lang.ClassNotFoundException: [Ljava.lang.Class;

">
      <![CDATA[org.jboss.deployers.client.spi.IncompleteDeploymentException: Summary of incomplete deployments (SEE PREVIOUS ERRORS FOR DETAILS):

*** CONTEXTS MISSING DEPENDENCIES: Name -> Dependency{Required State:Actual State}

UserTransactionBinding
 -> UserTransaction{Configured:**ERROR**}

UserTransactionBinding2
 -> UserTransaction{Configured:**ERROR**}


*** CONTEXTS IN ERROR: Name -> Error

SARDeployer -> java.lang.ClassNotFoundException: [Ljava.lang.Class;

ServiceDeploymentDeployer -> java.lang.ClassNotFoundException: [Ljava.lang.Class;

ServiceClassLoaderDeployer -> java.lang.ClassNotFoundException: [Ljava.lang.Class;

BeanDeployer -> java.lang.ClassNotFoundException: [Ljava.lang.Class;

ServiceDeployer -> java.lang.ClassNotFoundException: [Ljava.lang.Class;

BeanMetaDataDeployer -> java.lang.ClassNotFoundException: [Ljava.lang.Class;

UserTransaction -> java.lang.RuntimeException: Unable to locate the transaction manager

KernelDeploymentDeployer -> java.lang.ClassNotFoundException: [Ljava.lang.Class;


	at org.jboss.deployers.plugins.deployers.DeployersImpl.checkComplete(DeployersImpl.java:576)
	at org.jboss.deployers.plugins.main.MainDeployerImpl.checkComplete(MainDeployerImpl.java:559)
	at org.jboss.embedded.Bootstrap.bootstrapURL(Bootstrap.java:149)
	at org.jboss.embedded.Bootstrap.bootstrap(Bootstrap.java:183)
	at org.jboss.embedded.Bootstrap.bootstrap(Bootstrap.java:195)
	at org.jboss.seam.mock.EmbeddedBootstrap.startAndDeployResources(EmbeddedBootstrap.java:11)
	at org.jboss.seam.mock.AbstractSeamTest.startJbossEmbeddedIfNecessary(AbstractSeamTest.java:1034)
	at org.jboss.seam.mock.AbstractSeamTest.startSeam(AbstractSeamTest.java:925)
	at org.jboss.seam.mock.SeamTest.startSeam(SeamTest.java:69)
	at sun.reflect.NativeMethodAccessorImpl.invoke0(Native Method)
	at sun.reflect.NativeMethodAccessorImpl.invoke(NativeMethodAccessorImpl.java:39)
	at sun.reflect.DelegatingMethodAccessorImpl.invoke(DelegatingMethodAccessorImpl.java:25)
	at java.lang.reflect.Method.invoke(Method.java:597)
	at org.testng.internal.MethodInvocationHelper.invokeMethod(MethodInvocationHelper.java:84)
	at org.testng.internal.Invoker.invokeConfigurationMethod(Invoker.java:564)
	at org.testng.internal.Invoker.invokeConfigurations(Invoker.java:213)
	at org.testng.internal.Invoker.invokeConfigurations(Invoker.java:138)
	at org.testng.SuiteRunner.privateRun(SuiteRunner.java:277)
	at org.testng.SuiteRunner.run(SuiteRunner.java:240)
	at org.testng.SuiteRunnerWorker.runSuite(SuiteRunnerWorker.java:52)
	at org.testng.SuiteRunnerWorker.run(SuiteRunnerWorker.java:86)
	at org.testng.TestNG.runSuitesSequentially(TestNG.java:1224)
	at org.testng.TestNG.runSuitesLocally(TestNG.java:1149)
	at org.testng.TestNG.run(TestNG.java:1057)
	at org.testng.remote.RemoteTestNG.run(RemoteTestNG.java:111)
	at org.testng.remote.RemoteTestNG.initAndRun(RemoteTestNG.java:204)
	at org.testng.remote.RemoteTestNG.main(RemoteTestNG.java:175)
]]>
    </failure>
  </testcase> <!-- testTrechoPodeSerCadastrado -->
</testsuite> <!-- org.itsector.seamproject.session.CadastroTrechoTest -->
